

***********************************************************************
Fatal NI connect error 12514, connecting to:
 (DESCRIPTION=(ADDRESS=(PROTOCOL=TCP)(HOST=MSDN-SPECIAL)(PORT=1521))(CONNECT_DATA=(SERVER=DEDICATED)(SERVICE_NAME=orcl)(CID=(PROGRAM=C:\Users\Administrator\Desktop\????????????\????\INV\INV\Win32\Debug\BST_AWS.exe)(HOST=MSDN-SPECIAL)(USER=Administrator))))

  VERSION INFORMATION:
	TNS for 32-bit Windows: Version 10.2.0.3.0 - Production
	Windows NT TCP/IP NT Protocol Adapter for 32-bit Windows: Version 10.2.0.3.0 - Production
  Time: 25-11월-2016 09:29:20
  Tracing not turned on.
  Tns error struct:
    ns main err code: 12564
    TNS-12564: TNS:연결이 거부되었습니다
    ns secondary err code: 0
    nt main err code: 0
    nt secondary err code: 0
    nt OS err code: 0


***********************************************************************
Fatal NI connect error 12514, connecting to:
 (DESCRIPTION=(ADDRESS=(PROTOCOL=TCP)(HOST=MSDN-SPECIAL)(PORT=1521))(CONNECT_DATA=(SERVER=DEDICATED)(SERVICE_NAME=orcl)(CID=(PROGRAM=C:\Users\Administrator\Desktop\????????????\????\INV\Win32\Debug\BST_AWS.exe)(HOST=MSDN-SPECIAL)(USER=Administrator))))

  VERSION INFORMATION:
	TNS for 32-bit Windows: Version 10.2.0.3.0 - Production
	Windows NT TCP/IP NT Protocol Adapter for 32-bit Windows: Version 10.2.0.3.0 - Production
  Time: 29-11월-2016 15:56:30
  Tracing not turned on.
  Tns error struct:
    ns main err code: 12564
    TNS-12564: TNS:연결이 거부되었습니다
    ns secondary err code: 0
    nt main err code: 0
    nt secondary err code: 0
    nt OS err code: 0
