2022-02-14 09:37:27 09:37:27.233 Program Start v1.4 []
2022-02-14 09:53:36 09:53:36.800 Program Start v1.4 []
2022-02-14 09:53:37 09:53:37.262 [000] procedure InsertPGMHist Fail || ERR[Missing Connection or ConnectionString]
2022-02-14 09:53:37 09:53:37.263 [410] procedure fnCommandQuery Fail || ERR['|' 근처의 구문이 잘못되었습니다], SQL[ Select REG_TIME, LUGG, JOBD,                      
        SRCSITE, SRCAISLE, SRCBAY, SRCLEVEL        
        DSTSITE, DSTAISLE, DSTBAY, DSTLEVEL        
        NOWMC, JOBSTATUS, NOWSTATUS, BUFFSTATUS    
        JOBREWORK, JOBERRORT, JOBERRORC, JOBERRORD 
        CVFR, CVTO, CVCURR, ETC, EMG, ITM_CD,      
       (Case JOBD  when '1' then '입고' 
                   when '2' then '출고' end) as JOBD_DESC, 
       (Case NOWMC when '1' then '컨베어 작업' 
                   when '2' then '스태커 적재' 
                   when '3' then '스태커 하역' end) as NOWMC_DESC, 
       (Case NOWSTATUS when '1' then '등록' 
                       when '2' then '지시' 
                       when '3' then '진행' 
                       when '4' then '완료' end) as NOWSTATUS_DESC, 
       (Case JOBERRORC when ''  then '정상' 
                       when '0' then '정상' 
                       when NULL  then '정상' 
                       when '1' then '에러' 
                       else '정상' end) as JOBERRORC_DESC, 
       (Case JOBERRORD when '0000' then '정상' 
                       else JOBERRORD end) as JOBERRORD_DESC, 
       (Case BUFFSTATUS when '0' then '대기' 
                        when '1' then '입고가능' end) as BUFFSTATUS_DESC, 
       (SUBSTRING(DSTAISLE,4,1)+'-'+SUBSTRING(DSTBAY,3,2)+'-'+SUBSTRING(DSTLEVEL,3,2)) as ID_CODE, 
       (SUBSTRING(REG_TIME,1,4)+'-'+SUBSTRING(REG_TIME,5,2)+'-'+SUBSTRING(REG_TIME,7,2)||'  '|| 
        SUBSTRING(REG_TIME,9,2)+':'+SUBSTRING(REG_TIME,11,2)+':'+SUBSTRING(REG_TIME,13,2)) as REF_TIME_CONV, 
       TO_DATE(REG_TIME,'YYYYMMDDHH24MISS') as REG_TIME_DESC    From TT_HISTORY 
  Where JOBD    = '1' 
    And JOB_END = '1'  And REG_TIME BetWeen       '20220214000000'   And '20220214095337'   Order By REG_TIME, LUGG ]
2022-02-14 09:55:06 09:55:06.740 Program Start v1.4 []
2022-02-14 09:55:07 09:55:07.174 [000] procedure InsertPGMHist Fail || ERR[Missing Connection or ConnectionString]
2022-02-14 09:55:07 09:55:07.174 [410] procedure fnCommandQuery Fail || ERR['|' 근처의 구문이 잘못되었습니다], SQL[ Select REG_TIME, LUGG, JOBD,                      
        SRCSITE, SRCAISLE, SRCBAY, SRCLEVEL        
        DSTSITE, DSTAISLE, DSTBAY, DSTLEVEL        
        NOWMC, JOBSTATUS, NOWSTATUS, BUFFSTATUS    
        JOBREWORK, JOBERRORT, JOBERRORC, JOBERRORD 
        CVFR, CVTO, CVCURR, ETC, EMG, ITM_CD,      
       (Case JOBD  when '1' then '입고' 
                   when '2' then '출고' end) as JOBD_DESC, 
       (Case NOWMC when '1' then '컨베어 작업' 
                   when '2' then '스태커 적재' 
                   when '3' then '스태커 하역' end) as NOWMC_DESC, 
       (Case NOWSTATUS when '1' then '등록' 
                       when '2' then '지시' 
                       when '3' then '진행' 
                       when '4' then '완료' end) as NOWSTATUS_DESC, 
       (Case JOBERRORC when ''  then '정상' 
                       when '0' then '정상' 
                       when NULL  then '정상' 
                       when '1' then '에러' 
                       else '정상' end) as JOBERRORC_DESC, 
       (Case JOBERRORD when '0000' then '정상' 
                       else JOBERRORD end) as JOBERRORD_DESC, 
       (Case BUFFSTATUS when '0' then '대기' 
                        when '1' then '입고가능' end) as BUFFSTATUS_DESC, 
       (SUBSTRING(DSTAISLE,4,1)+'-'+SUBSTRING(DSTBAY,3,2)+'-'+SUBSTRING(DSTLEVEL,3,2)) as ID_CODE, 
       (SUBSTRING(REG_TIME,1,4)+'-'+SUBSTRING(REG_TIME,5,2)+'-'+SUBSTRING(REG_TIME,7,2)||'  '|| 
        SUBSTRING(REG_TIME,9,2)+':'+SUBSTRING(REG_TIME,11,2)+':'+SUBSTRING(REG_TIME,13,2)) as REF_TIME_CONV, 
       TO_DATE(REG_TIME,'YYYYMMDDHH24MISS') as REG_TIME_DESC    From TT_HISTORY 
  Where JOBD    = '1' 
    And JOB_END = '1'  And REG_TIME BetWeen       '20220214000000'   And '20220214095507'   Order By REG_TIME, LUGG ]
2022-02-14 09:55:47 09:55:47.565 Program Start v1.4 []
2022-02-14 09:56:06 09:56:06.873 Program Start v1.4 []
2022-02-14 09:58:10 09:58:10.298 Program Start v1.4 []
2022-02-14 10:05:38 10:05:38.629 Program Start v1.4 []
2022-02-14 10:05:43 10:05:43.564 [000] procedure InsertPGMHist Fail || ERR[Missing Connection or ConnectionString]
2022-02-14 10:05:43 10:05:43.565 [000] procedure execMenuLblClick Fail || ERR[Access violation at address 00913D24 in module 'HL_AWS.exe'. Read of address 0000005C]
2022-02-14 10:06:06 10:06:06.609 [000] procedure InsertPGMHist Fail || ERR[Missing Connection or ConnectionString]
2022-02-14 10:06:06 10:06:06.609 [410] procedure fnCommandQuery Fail || ERR['|' 근처의 구문이 잘못되었습니다], SQL[ Select REG_TIME, LUGG, JOBD,                      
        SRCSITE, SRCAISLE, SRCBAY, SRCLEVEL        
        DSTSITE, DSTAISLE, DSTBAY, DSTLEVEL        
        NOWMC, JOBSTATUS, NOWSTATUS, BUFFSTATUS    
        JOBREWORK, JOBERRORT, JOBERRORC, JOBERRORD 
        CVFR, CVTO, CVCURR, ETC, EMG, ITM_CD,      
       (Case JOBD  when '1' then '입고' 
                   when '2' then '출고' end) as JOBD_DESC, 
       (Case NOWMC when '1' then '컨베어 작업' 
                   when '2' then '스태커 적재' 
                   when '3' then '스태커 하역' end) as NOWMC_DESC, 
       (Case NOWSTATUS when '1' then '등록' 
                       when '2' then '지시' 
                       when '3' then '진행' 
                       when '4' then '완료' end) as NOWSTATUS_DESC, 
       (Case JOBERRORC when ''  then '정상' 
                       when '0' then '정상' 
                       when NULL  then '정상' 
                       when '1' then '에러' 
                       else '정상' end) as JOBERRORC_DESC, 
       (Case JOBERRORD when '0000' then '정상' 
                       else JOBERRORD end) as JOBERRORD_DESC, 
       (Case BUFFSTATUS when '0' then '대기' 
                        when '1' then '입고가능' end) as BUFFSTATUS_DESC, 
       (SUBSTRING(DSTAISLE,4,1)+'-'+SUBSTRING(DSTBAY,3,2)+'-'+SUBSTRING(DSTLEVEL,3,2)) as ID_CODE, 
       (SUBSTRING(REG_TIME,1,4)+'-'+SUBSTRING(REG_TIME,5,2)+'-'+SUBSTRING(REG_TIME,7,2)||'  '|| 
        SUBSTRING(REG_TIME,9,2)+':'+SUBSTRING(REG_TIME,11,2)+':'+SUBSTRING(REG_TIME,13,2)) as REF_TIME_CONV, 
       TO_DATE(REG_TIME,'YYYYMMDDHH24MISS') as REG_TIME_DESC    From TT_HISTORY 
  Where JOBD    = '1' 
    And JOB_END = '1'  And REG_TIME BetWeen       '20220214000000'   And '20220214100606'   Order By REG_TIME, LUGG ]
2022-02-14 10:06:12 10:06:12.892 [000] procedure InsertPGMHist Fail || ERR[Missing Connection or ConnectionString]
2022-02-14 10:06:12 10:06:12.892 [410] procedure fnCommandQuery Fail || ERR['|' 근처의 구문이 잘못되었습니다], SQL[ Select REG_TIME, LUGG, JOBD,                      
        SRCSITE, SRCAISLE, SRCBAY, SRCLEVEL        
        DSTSITE, DSTAISLE, DSTBAY, DSTLEVEL        
        NOWMC, JOBSTATUS, NOWSTATUS, BUFFSTATUS    
        JOBREWORK, JOBERRORT, JOBERRORC, JOBERRORD 
        CVFR, CVTO, CVCURR, ETC, EMG, ITM_CD,      
       (Case JOBD  when '1' then '입고' 
                   when '2' then '출고' end) as JOBD_DESC, 
       (Case NOWMC when '1' then '컨베어 작업' 
                   when '2' then '스태커 적재' 
                   when '3' then '스태커 하역' end) as NOWMC_DESC, 
       (Case NOWSTATUS when '1' then '등록' 
                       when '2' then '지시' 
                       when '3' then '진행' 
                       when '4' then '완료' end) as NOWSTATUS_DESC, 
       (Case JOBERRORC when ''  then '정상' 
                       when '0' then '정상' 
                       when NULL  then '정상' 
                       when '1' then '에러' 
                       else '정상' end) as JOBERRORC_DESC, 
       (Case JOBERRORD when '0000' then '정상' 
                       else JOBERRORD end) as JOBERRORD_DESC, 
       (Case BUFFSTATUS when '0' then '대기' 
                        when '1' then '입고가능' end) as BUFFSTATUS_DESC, 
       (SUBSTRING(DSTAISLE,4,1)+'-'+SUBSTRING(DSTBAY,3,2)+'-'+SUBSTRING(DSTLEVEL,3,2)) as ID_CODE, 
       (SUBSTRING(REG_TIME,1,4)+'-'+SUBSTRING(REG_TIME,5,2)+'-'+SUBSTRING(REG_TIME,7,2)||'  '|| 
        SUBSTRING(REG_TIME,9,2)+':'+SUBSTRING(REG_TIME,11,2)+':'+SUBSTRING(REG_TIME,13,2)) as REF_TIME_CONV, 
       TO_DATE(REG_TIME,'YYYYMMDDHH24MISS') as REG_TIME_DESC    From TT_HISTORY 
  Where JOBD    = '1' 
    And JOB_END = '1'  And REG_TIME BetWeen       '20220214000000'   And '20220214100606'   Order By REG_TIME, LUGG ]
2022-02-14 10:12:51 10:12:51.249 [000] procedure InsertPGMHist Fail || ERR[Missing Connection or ConnectionString]
2022-02-14 10:12:51 10:12:51.250 [410] procedure fnCommandQuery Fail || ERR['|' 근처의 구문이 잘못되었습니다], SQL[ Select REG_TIME, LUGG, JOBD,                      
        SRCSITE, SRCAISLE, SRCBAY, SRCLEVEL        
        DSTSITE, DSTAISLE, DSTBAY, DSTLEVEL        
        NOWMC, JOBSTATUS, NOWSTATUS, BUFFSTATUS    
        JOBREWORK, JOBERRORT, JOBERRORC, JOBERRORD 
        CVFR, CVTO, CVCURR, ETC, EMG, ITM_CD,      
       (Case JOBD  when '1' then '입고' 
                   when '2' then '출고' end) as JOBD_DESC, 
       (Case NOWMC when '1' then '컨베어 작업' 
                   when '2' then '스태커 적재' 
                   when '3' then '스태커 하역' end) as NOWMC_DESC, 
       (Case NOWSTATUS when '1' then '등록' 
                       when '2' then '지시' 
                       when '3' then '진행' 
                       when '4' then '완료' end) as NOWSTATUS_DESC, 
       (Case JOBERRORC when ''  then '정상' 
                       when '0' then '정상' 
                       when NULL  then '정상' 
                       when '1' then '에러' 
                       else '정상' end) as JOBERRORC_DESC, 
       (Case JOBERRORD when '0000' then '정상' 
                       else JOBERRORD end) as JOBERRORD_DESC, 
       (Case BUFFSTATUS when '0' then '대기' 
                        when '1' then '입고가능' end) as BUFFSTATUS_DESC, 
       (SUBSTRING(DSTAISLE,4,1)+'-'+SUBSTRING(DSTBAY,3,2)+'-'+SUBSTRING(DSTLEVEL,3,2)) as ID_CODE, 
       (SUBSTRING(REG_TIME,1,4)+'-'+SUBSTRING(REG_TIME,5,2)+'-'+SUBSTRING(REG_TIME,7,2)||'  '|| 
        SUBSTRING(REG_TIME,9,2)+':'+SUBSTRING(REG_TIME,11,2)+':'+SUBSTRING(REG_TIME,13,2)) as REF_TIME_CONV, 
       TO_DATE(REG_TIME,'YYYYMMDDHH24MISS') as REG_TIME_DESC    From TT_HISTORY 
  Where JOBD    = '1' 
    And JOB_END = '1'  And REG_TIME BetWeen       '20220214000000'   And '20220214100606'   Order By REG_TIME, LUGG ]
2022-02-14 10:12:52 10:12:52.378 [000] procedure InsertPGMHist Fail || ERR[Missing Connection or ConnectionString]
2022-02-14 10:12:52 10:12:52.379 [410] procedure fnCommandQuery Fail || ERR['|' 근처의 구문이 잘못되었습니다], SQL[ Select REG_TIME, LUGG, JOBD,                      
        SRCSITE, SRCAISLE, SRCBAY, SRCLEVEL        
        DSTSITE, DSTAISLE, DSTBAY, DSTLEVEL        
        NOWMC, JOBSTATUS, NOWSTATUS, BUFFSTATUS    
        JOBREWORK, JOBERRORT, JOBERRORC, JOBERRORD 
        CVFR, CVTO, CVCURR, ETC, EMG, ITM_CD,      
       (Case JOBD  when '1' then '입고' 
                   when '2' then '출고' end) as JOBD_DESC, 
       (Case NOWMC when '1' then '컨베어 작업' 
                   when '2' then '스태커 적재' 
                   when '3' then '스태커 하역' end) as NOWMC_DESC, 
       (Case NOWSTATUS when '1' then '등록' 
                       when '2' then '지시' 
                       when '3' then '진행' 
                       when '4' then '완료' end) as NOWSTATUS_DESC, 
       (Case JOBERRORC when ''  then '정상' 
                       when '0' then '정상' 
                       when NULL  then '정상' 
                       when '1' then '에러' 
                       else '정상' end) as JOBERRORC_DESC, 
       (Case JOBERRORD when '0000' then '정상' 
                       else JOBERRORD end) as JOBERRORD_DESC, 
       (Case BUFFSTATUS when '0' then '대기' 
                        when '1' then '입고가능' end) as BUFFSTATUS_DESC, 
       (SUBSTRING(DSTAISLE,4,1)+'-'+SUBSTRING(DSTBAY,3,2)+'-'+SUBSTRING(DSTLEVEL,3,2)) as ID_CODE, 
       (SUBSTRING(REG_TIME,1,4)+'-'+SUBSTRING(REG_TIME,5,2)+'-'+SUBSTRING(REG_TIME,7,2)||'  '|| 
        SUBSTRING(REG_TIME,9,2)+':'+SUBSTRING(REG_TIME,11,2)+':'+SUBSTRING(REG_TIME,13,2)) as REF_TIME_CONV, 
       TO_DATE(REG_TIME,'YYYYMMDDHH24MISS') as REG_TIME_DESC    From TT_HISTORY 
  Where JOBD    = '1' 
    And JOB_END = '1'  And REG_TIME BetWeen       '20220214000000'   And '20220214100606'   Order By REG_TIME, LUGG ]
2022-02-14 10:14:09 10:14:09.614 [000] procedure InsertPGMHist Fail || ERR[Missing Connection or ConnectionString]
2022-02-14 10:14:09 10:14:09.614 [410] procedure fnCommandQuery Fail || ERR['|' 근처의 구문이 잘못되었습니다], SQL[ Select REG_TIME, LUGG, JOBD,                      
        SRCSITE, SRCAISLE, SRCBAY, SRCLEVEL        
        DSTSITE, DSTAISLE, DSTBAY, DSTLEVEL        
        NOWMC, JOBSTATUS, NOWSTATUS, BUFFSTATUS    
        JOBREWORK, JOBERRORT, JOBERRORC, JOBERRORD 
        CVFR, CVTO, CVCURR, ETC, EMG, ITM_CD,      
       (Case JOBD  when '1' then '입고' 
                   when '2' then '출고' end) as JOBD_DESC, 
       (Case NOWMC when '1' then '컨베어 작업' 
                   when '2' then '스태커 적재' 
                   when '3' then '스태커 하역' end) as NOWMC_DESC, 
       (Case NOWSTATUS when '1' then '등록' 
                       when '2' then '지시' 
                       when '3' then '진행' 
                       when '4' then '완료' end) as NOWSTATUS_DESC, 
       (Case JOBERRORC when ''  then '정상' 
                       when '0' then '정상' 
                       when NULL  then '정상' 
                       when '1' then '에러' 
                       else '정상' end) as JOBERRORC_DESC, 
       (Case JOBERRORD when '0000' then '정상' 
                       else JOBERRORD end) as JOBERRORD_DESC, 
       (Case BUFFSTATUS when '0' then '대기' 
                        when '1' then '입고가능' end) as BUFFSTATUS_DESC, 
       (SUBSTRING(DSTAISLE,4,1)+'-'+SUBSTRING(DSTBAY,3,2)+'-'+SUBSTRING(DSTLEVEL,3,2)) as ID_CODE, 
       (SUBSTRING(REG_TIME,1,4)+'-'+SUBSTRING(REG_TIME,5,2)+'-'+SUBSTRING(REG_TIME,7,2)||'  '|| 
        SUBSTRING(REG_TIME,9,2)+':'+SUBSTRING(REG_TIME,11,2)+':'+SUBSTRING(REG_TIME,13,2)) as REF_TIME_CONV, 
       TO_DATE(REG_TIME,'YYYYMMDDHH24MISS') as REG_TIME_DESC    From TT_HISTORY 
  Where JOBD    = '1' 
    And JOB_END = '1'  And REG_TIME BetWeen       '20220214000000'   And '20220214100606'   Order By REG_TIME, LUGG ]
2022-02-14 10:14:10 10:14:10.473 [000] procedure InsertPGMHist Fail || ERR[Missing Connection or ConnectionString]
2022-02-14 10:14:10 10:14:10.474 [410] procedure fnCommandQuery Fail || ERR['|' 근처의 구문이 잘못되었습니다], SQL[ Select REG_TIME, LUGG, JOBD,                      
        SRCSITE, SRCAISLE, SRCBAY, SRCLEVEL        
        DSTSITE, DSTAISLE, DSTBAY, DSTLEVEL        
        NOWMC, JOBSTATUS, NOWSTATUS, BUFFSTATUS    
        JOBREWORK, JOBERRORT, JOBERRORC, JOBERRORD 
        CVFR, CVTO, CVCURR, ETC, EMG, ITM_CD,      
       (Case JOBD  when '1' then '입고' 
                   when '2' then '출고' end) as JOBD_DESC, 
       (Case NOWMC when '1' then '컨베어 작업' 
                   when '2' then '스태커 적재' 
                   when '3' then '스태커 하역' end) as NOWMC_DESC, 
       (Case NOWSTATUS when '1' then '등록' 
                       when '2' then '지시' 
                       when '3' then '진행' 
                       when '4' then '완료' end) as NOWSTATUS_DESC, 
       (Case JOBERRORC when ''  then '정상' 
                       when '0' then '정상' 
                       when NULL  then '정상' 
                       when '1' then '에러' 
                       else '정상' end) as JOBERRORC_DESC, 
       (Case JOBERRORD when '0000' then '정상' 
                       else JOBERRORD end) as JOBERRORD_DESC, 
       (Case BUFFSTATUS when '0' then '대기' 
                        when '1' then '입고가능' end) as BUFFSTATUS_DESC, 
       (SUBSTRING(DSTAISLE,4,1)+'-'+SUBSTRING(DSTBAY,3,2)+'-'+SUBSTRING(DSTLEVEL,3,2)) as ID_CODE, 
       (SUBSTRING(REG_TIME,1,4)+'-'+SUBSTRING(REG_TIME,5,2)+'-'+SUBSTRING(REG_TIME,7,2)||'  '|| 
        SUBSTRING(REG_TIME,9,2)+':'+SUBSTRING(REG_TIME,11,2)+':'+SUBSTRING(REG_TIME,13,2)) as REF_TIME_CONV, 
       TO_DATE(REG_TIME,'YYYYMMDDHH24MISS') as REG_TIME_DESC    From TT_HISTORY 
  Where JOBD    = '1' 
    And JOB_END = '1'  And REG_TIME BetWeen       '20220214000000'   And '20220214100606'   Order By REG_TIME, LUGG ]
2022-02-14 10:14:10 10:14:10.834 [000] procedure InsertPGMHist Fail || ERR[Missing Connection or ConnectionString]
2022-02-14 10:14:10 10:14:10.835 [410] procedure fnCommandQuery Fail || ERR['|' 근처의 구문이 잘못되었습니다], SQL[ Select REG_TIME, LUGG, JOBD,                      
        SRCSITE, SRCAISLE, SRCBAY, SRCLEVEL        
        DSTSITE, DSTAISLE, DSTBAY, DSTLEVEL        
        NOWMC, JOBSTATUS, NOWSTATUS, BUFFSTATUS    
        JOBREWORK, JOBERRORT, JOBERRORC, JOBERRORD 
        CVFR, CVTO, CVCURR, ETC, EMG, ITM_CD,      
       (Case JOBD  when '1' then '입고' 
                   when '2' then '출고' end) as JOBD_DESC, 
       (Case NOWMC when '1' then '컨베어 작업' 
                   when '2' then '스태커 적재' 
                   when '3' then '스태커 하역' end) as NOWMC_DESC, 
       (Case NOWSTATUS when '1' then '등록' 
                       when '2' then '지시' 
                       when '3' then '진행' 
                       when '4' then '완료' end) as NOWSTATUS_DESC, 
       (Case JOBERRORC when ''  then '정상' 
                       when '0' then '정상' 
                       when NULL  then '정상' 
                       when '1' then '에러' 
                       else '정상' end) as JOBERRORC_DESC, 
       (Case JOBERRORD when '0000' then '정상' 
                       else JOBERRORD end) as JOBERRORD_DESC, 
       (Case BUFFSTATUS when '0' then '대기' 
                        when '1' then '입고가능' end) as BUFFSTATUS_DESC, 
       (SUBSTRING(DSTAISLE,4,1)+'-'+SUBSTRING(DSTBAY,3,2)+'-'+SUBSTRING(DSTLEVEL,3,2)) as ID_CODE, 
       (SUBSTRING(REG_TIME,1,4)+'-'+SUBSTRING(REG_TIME,5,2)+'-'+SUBSTRING(REG_TIME,7,2)||'  '|| 
        SUBSTRING(REG_TIME,9,2)+':'+SUBSTRING(REG_TIME,11,2)+':'+SUBSTRING(REG_TIME,13,2)) as REF_TIME_CONV, 
       TO_DATE(REG_TIME,'YYYYMMDDHH24MISS') as REG_TIME_DESC    From TT_HISTORY 
  Where JOBD    = '1' 
    And JOB_END = '1'  And REG_TIME BetWeen       '20220214000000'   And '20220214100606'   Order By REG_TIME, LUGG ]
2022-02-14 10:15:54 10:15:54.738 [000] procedure InsertPGMHist Fail || ERR[Missing Connection or ConnectionString]
2022-02-14 10:15:54 10:15:54.738 [410] procedure fnCommandQuery Fail || ERR['|' 근처의 구문이 잘못되었습니다], SQL[ Select REG_TIME, LUGG, JOBD,                      
        SRCSITE, SRCAISLE, SRCBAY, SRCLEVEL        
        DSTSITE, DSTAISLE, DSTBAY, DSTLEVEL        
        NOWMC, JOBSTATUS, NOWSTATUS, BUFFSTATUS    
        JOBREWORK, JOBERRORT, JOBERRORC, JOBERRORD 
        CVFR, CVTO, CVCURR, ETC, EMG, ITM_CD,      
       (Case JOBD  when '1' then '입고' 
                   when '2' then '출고' end) as JOBD_DESC, 
       (Case NOWMC when '1' then '컨베어 작업' 
                   when '2' then '스태커 적재' 
                   when '3' then '스태커 하역' end) as NOWMC_DESC, 
       (Case NOWSTATUS when '1' then '등록' 
                       when '2' then '지시' 
                       when '3' then '진행' 
                       when '4' then '완료' end) as NOWSTATUS_DESC, 
       (Case JOBERRORC when ''  then '정상' 
                       when '0' then '정상' 
                       when NULL  then '정상' 
                       when '1' then '에러' 
                       else '정상' end) as JOBERRORC_DESC, 
       (Case JOBERRORD when '0000' then '정상' 
                       else JOBERRORD end) as JOBERRORD_DESC, 
       (Case BUFFSTATUS when '0' then '대기' 
                        when '1' then '입고가능' end) as BUFFSTATUS_DESC, 
       (SUBSTRING(DSTAISLE,4,1)+'-'+SUBSTRING(DSTBAY,3,2)+'-'+SUBSTRING(DSTLEVEL,3,2)) as ID_CODE, 
       (SUBSTRING(REG_TIME,1,4)+'-'+SUBSTRING(REG_TIME,5,2)+'-'+SUBSTRING(REG_TIME,7,2)||'  '|| 
        SUBSTRING(REG_TIME,9,2)+':'+SUBSTRING(REG_TIME,11,2)+':'+SUBSTRING(REG_TIME,13,2)) as REF_TIME_CONV, 
       TO_DATE(REG_TIME,'YYYYMMDDHH24MISS') as REG_TIME_DESC    From TT_HISTORY 
  Where JOBD    = '1' 
    And JOB_END = '1'  And REG_TIME BetWeen       '20220214000000'   And '20220214100606'   Order By REG_TIME, LUGG ]
2022-02-14 10:15:55 10:15:55.231 [000] procedure InsertPGMHist Fail || ERR[Missing Connection or ConnectionString]
2022-02-14 10:15:55 10:15:55.231 [410] procedure fnCommandQuery Fail || ERR['|' 근처의 구문이 잘못되었습니다], SQL[ Select REG_TIME, LUGG, JOBD,                      
        SRCSITE, SRCAISLE, SRCBAY, SRCLEVEL        
        DSTSITE, DSTAISLE, DSTBAY, DSTLEVEL        
        NOWMC, JOBSTATUS, NOWSTATUS, BUFFSTATUS    
        JOBREWORK, JOBERRORT, JOBERRORC, JOBERRORD 
        CVFR, CVTO, CVCURR, ETC, EMG, ITM_CD,      
       (Case JOBD  when '1' then '입고' 
                   when '2' then '출고' end) as JOBD_DESC, 
       (Case NOWMC when '1' then '컨베어 작업' 
                   when '2' then '스태커 적재' 
                   when '3' then '스태커 하역' end) as NOWMC_DESC, 
       (Case NOWSTATUS when '1' then '등록' 
                       when '2' then '지시' 
                       when '3' then '진행' 
                       when '4' then '완료' end) as NOWSTATUS_DESC, 
       (Case JOBERRORC when ''  then '정상' 
                       when '0' then '정상' 
                       when NULL  then '정상' 
                       when '1' then '에러' 
                       else '정상' end) as JOBERRORC_DESC, 
       (Case JOBERRORD when '0000' then '정상' 
                       else JOBERRORD end) as JOBERRORD_DESC, 
       (Case BUFFSTATUS when '0' then '대기' 
                        when '1' then '입고가능' end) as BUFFSTATUS_DESC, 
       (SUBSTRING(DSTAISLE,4,1)+'-'+SUBSTRING(DSTBAY,3,2)+'-'+SUBSTRING(DSTLEVEL,3,2)) as ID_CODE, 
       (SUBSTRING(REG_TIME,1,4)+'-'+SUBSTRING(REG_TIME,5,2)+'-'+SUBSTRING(REG_TIME,7,2)||'  '|| 
        SUBSTRING(REG_TIME,9,2)+':'+SUBSTRING(REG_TIME,11,2)+':'+SUBSTRING(REG_TIME,13,2)) as REF_TIME_CONV, 
       TO_DATE(REG_TIME,'YYYYMMDDHH24MISS') as REG_TIME_DESC    From TT_HISTORY 
  Where JOBD    = '1' 
    And JOB_END = '1'  And REG_TIME BetWeen       '20220214000000'   And '20220214100606'   Order By REG_TIME, LUGG ]
2022-02-14 10:15:55 10:15:55.476 [000] procedure InsertPGMHist Fail || ERR[Missing Connection or ConnectionString]
2022-02-14 10:15:55 10:15:55.477 [410] procedure fnCommandQuery Fail || ERR['|' 근처의 구문이 잘못되었습니다], SQL[ Select REG_TIME, LUGG, JOBD,                      
        SRCSITE, SRCAISLE, SRCBAY, SRCLEVEL        
        DSTSITE, DSTAISLE, DSTBAY, DSTLEVEL        
        NOWMC, JOBSTATUS, NOWSTATUS, BUFFSTATUS    
        JOBREWORK, JOBERRORT, JOBERRORC, JOBERRORD 
        CVFR, CVTO, CVCURR, ETC, EMG, ITM_CD,      
       (Case JOBD  when '1' then '입고' 
                   when '2' then '출고' end) as JOBD_DESC, 
       (Case NOWMC when '1' then '컨베어 작업' 
                   when '2' then '스태커 적재' 
                   when '3' then '스태커 하역' end) as NOWMC_DESC, 
       (Case NOWSTATUS when '1' then '등록' 
                       when '2' then '지시' 
                       when '3' then '진행' 
                       when '4' then '완료' end) as NOWSTATUS_DESC, 
       (Case JOBERRORC when ''  then '정상' 
                       when '0' then '정상' 
                       when NULL  then '정상' 
                       when '1' then '에러' 
                       else '정상' end) as JOBERRORC_DESC, 
       (Case JOBERRORD when '0000' then '정상' 
                       else JOBERRORD end) as JOBERRORD_DESC, 
       (Case BUFFSTATUS when '0' then '대기' 
                        when '1' then '입고가능' end) as BUFFSTATUS_DESC, 
       (SUBSTRING(DSTAISLE,4,1)+'-'+SUBSTRING(DSTBAY,3,2)+'-'+SUBSTRING(DSTLEVEL,3,2)) as ID_CODE, 
       (SUBSTRING(REG_TIME,1,4)+'-'+SUBSTRING(REG_TIME,5,2)+'-'+SUBSTRING(REG_TIME,7,2)||'  '|| 
        SUBSTRING(REG_TIME,9,2)+':'+SUBSTRING(REG_TIME,11,2)+':'+SUBSTRING(REG_TIME,13,2)) as REF_TIME_CONV, 
       TO_DATE(REG_TIME,'YYYYMMDDHH24MISS') as REG_TIME_DESC    From TT_HISTORY 
  Where JOBD    = '1' 
    And JOB_END = '1'  And REG_TIME BetWeen       '20220214000000'   And '20220214100606'   Order By REG_TIME, LUGG ]
2022-02-14 10:16:55 10:16:55.068 Program Start v1.4 []
2022-02-14 10:17:44 10:17:44.634 Program Start v1.4 []
2022-02-14 10:24:50 10:24:50.289 Program Start v1.4 []
2022-02-14 10:35:39 10:35:39.303 Program Start v1.4 []
2022-02-14 10:37:51 10:37:51.678 Program Start v1.4 []
2022-02-14 10:38:40 10:38:40.599 Program Start v1.4 []
2022-02-14 10:39:00 10:39:00.353 Program Start v1.4 []
2022-02-14 10:47:41 10:47:41.708 Program Start v1.4 []
2022-02-14 10:54:37 10:54:37.378 Program Start v1.4 []
