2022-03-21 08:56:37 08:56:37.267 Program Start v1.4 []
2022-03-21 08:57:54 08:57:54.287 Program Start v1.4 []
2022-03-21 09:04:21 09:04:21.454 Program Start v1.4 []
2022-03-21 09:18:39 09:18:39.392 Program Start v1.4 []
2022-03-21 09:19:30 09:19:30.503 Program Start v1.4 []
2022-03-21 09:23:50 09:23:50.058 Program Start v1.4 []
2022-03-21 09:26:34 09:26:34.231 Program Start v1.4 []
2022-03-21 09:27:12 09:27:12.689 Program Start v1.4 []
2022-03-21 09:32:32 09:32:32.232 Program Start v1.4 []
2022-03-21 09:38:42 09:38:42.948 Program Start v1.4 []
2022-03-21 09:40:08 09:40:08.450 Program Start v1.4 []
2022-03-21 09:40:21 09:40:21.802 [220] procedure SetJobOrder Fail || ERR[Argument out of range]
2022-03-21 09:40:24 09:40:24.431 [220] procedure SetJobOrder Fail || ERR[Argument out of range]
2022-03-21 09:40:25 09:40:25.350 [220] procedure SetJobOrder Fail || ERR[Argument out of range]
2022-03-21 09:40:26 09:40:26.352 [220] procedure SetJobOrder Fail || ERR[Argument out of range]
2022-03-21 09:40:52 09:40:52.538 Program Start v1.4 []
2022-03-21 09:41:16 09:41:16.761 Program Start v1.4 []
2022-03-21 09:41:36 09:41:36.387 [220] procedure SetJobOrder Fail || ERR[Argument out of range]
2022-03-21 09:42:39 09:42:39.166 [220] procedure SetJobOrder Fail || ERR[Argument out of range]
2022-03-21 09:43:25 09:43:25.926 [220] procedure SetJobOrder Fail || ERR[Argument out of range]
2022-03-21 09:44:48 09:44:48.497 [220] procedure SetJobOrder Fail || ERR[Argument out of range]
2022-03-21 09:45:10 09:45:10.199 [220] procedure SetJobOrder Fail || ERR[Argument out of range]
2022-03-21 09:53:15 09:53:15.044 Program Start v1.4 []
2022-03-21 09:53:23 09:53:23.557 [220] procedure SetJobOrder Fail || ERR[Argument out of range]
2022-03-21 09:53:25 09:53:25.029 [220] procedure SetJobOrder Fail || ERR[Argument out of range]
2022-03-21 09:54:23 09:54:23.104 Program Start v1.4 []
2022-03-21 09:59:23 09:59:23.880 Program Start v1.4 []
2022-03-21 09:59:33 09:59:33.905 [220] procedure SetJobOrder Fail || ERR['SRCSITE' 근처의 구문이 잘못되었습니다]
2022-03-21 09:59:35 09:59:35.300 [220] procedure SetJobOrder Fail || ERR['SRCSITE' 근처의 구문이 잘못되었습니다]
2022-03-21 09:59:53 09:59:53.373 Program Start v1.4 []
2022-03-21 10:07:06 10:07:06.093 Program Start v1.4 []
2022-03-21 10:08:06 10:08:06.910 [220] procedure SetJobOrder Fail || ERR[Argument out of range]
2022-03-21 10:08:07 10:08:07.986 [220] procedure SetJobOrder Fail || ERR[Argument out of range]
2022-03-21 10:08:08 10:08:08.144 [220] procedure SetJobOrder Fail || ERR[Argument out of range]
2022-03-21 10:09:07 10:09:07.823 Program Start v1.4 []
2022-03-21 10:09:14 10:09:14.928 [220] procedure SetJobOrder Fail || ERR['SRCSITE' 근처의 구문이 잘못되었습니다]
2022-03-21 10:09:15 10:09:15.840 [220] procedure SetJobOrder Fail || ERR['SRCSITE' 근처의 구문이 잘못되었습니다]
2022-03-21 10:09:15 10:09:15.997 [220] procedure SetJobOrder Fail || ERR['SRCSITE' 근처의 구문이 잘못되었습니다]
2022-03-21 10:09:16 10:09:16.647 [220] procedure SetJobOrder Fail || ERR['SRCSITE' 근처의 구문이 잘못되었습니다]
2022-03-21 10:09:57 10:09:57.201 Program Start v1.4 []
2022-03-21 10:10:46 10:10:46.630 [220] procedure SetJobOrder Fail || ERR['SRCSITE' 근처의 구문이 잘못되었습니다]
2022-03-21 10:11:31 10:11:31.175 [220] procedure SetJobOrder Fail || ERR['SRCSITE' 근처의 구문이 잘못되었습니다]
2022-03-21 10:11:55 10:11:55.778 Program Start v1.4 []
2022-03-21 10:37:39 10:37:39.597 Program Start v1.4 []
2022-03-21 10:37:53 10:37:53.239 [220] procedure SetJobOrder Fail || ERR[문자열이나 이진 데이터는 잘립니다]
2022-03-21 10:37:56 10:37:56.815 [220] procedure SetJobOrder Fail || ERR[문자열이나 이진 데이터는 잘립니다]
2022-03-21 10:38:28 10:38:28.177 [220] procedure SetJobOrder Fail || ERR[문자열이나 이진 데이터는 잘립니다]
2022-03-21 10:38:28 10:38:28.930 [220] procedure SetJobOrder Fail || ERR[문자열이나 이진 데이터는 잘립니다]
2022-03-21 10:38:29 10:38:29.089 [220] procedure SetJobOrder Fail || ERR[문자열이나 이진 데이터는 잘립니다]
2022-03-21 10:38:57 10:38:57.174 Program Start v1.4 []
2022-03-21 10:39:23 10:39:23.801 [220] procedure SetJobOrder Fail || ERR[문자열이나 이진 데이터는 잘립니다]
2022-03-21 10:41:28 10:41:28.983 Program Start v1.4 []
2022-03-21 10:45:16 10:45:16.784 Program Start v1.4 []
2022-03-21 10:45:38 10:45:38.504 Program Start v1.4 []
2022-03-21 10:54:16 10:54:16.959 Program Start v1.4 []
2022-03-21 11:04:38 11:04:38.271 Program Start v1.4 []
2022-03-21 11:07:01 11:07:01.992 Program Start v1.4 []
2022-03-21 11:08:30 11:08:30.474 Program Start v1.4 []
2022-03-21 11:21:34 11:21:34.507 Program Start v1.4 []
2022-03-21 11:23:41 11:23:41.256 Program Start v1.4 []
2022-03-21 11:24:23 11:24:23.042 Program Start v1.4 []
2022-03-21 14:13:44 14:13:44.757 [000] procedure HistoryDelete Fail || ERR[개체 이름 'TT_PROGRAM_HIST'이(가) 유효하지 않습니다], SQL[ DELETE FROM TT_PROGRAM_HIST   WHERE CRT_DT < GETDATE() - 15 ]
2022-03-21 14:13:44 14:13:44.761 Program Start v1.4 []
