2022-02-25 09:30:02 09:30:02.363 Program Start v1.4 []
2022-02-25 09:32:22 09:32:22.554 [000] procedure InsertPGMHist Fail || ERR[Missing Connection or ConnectionString]
2022-02-25 09:32:22 09:32:22.554 Program Start v1.4 []
2022-02-25 09:33:07 09:33:07.333 [000] procedure InsertPGMHist Fail || ERR[Missing Connection or ConnectionString]
2022-02-25 09:33:07 09:33:07.339 Program Start v1.4 []
2022-02-25 09:34:28 09:34:28.770 [000] procedure InsertPGMHist Fail || ERR[Missing Connection or ConnectionString]
2022-02-25 09:34:28 09:34:28.777 Program Start v1.4 []
2022-02-25 09:36:38 09:36:38.879 Program Start v1.4 []
2022-02-25 09:42:22 09:42:22.993 [000] procedure HistoryDelete Fail || ERR[개체 이름 'TT_ERROR'이(가) 유효하지 않습니다], SQL[ DELETE FROM TT_ERROR   WHERE CR_DT < GETDATE() - 30 ]
2022-02-25 09:42:23 09:42:23.000 Program Start v1.4 []
2022-02-25 16:00:37 16:00:37.058 [000] procedure HistoryDelete Fail || ERR[열 이름 'CR_DT'이(가) 유효하지 않습니다], SQL[ DELETE FROM TT_ERROR   WHERE CR_DT < GETDATE() - 30 ]
2022-02-25 16:00:37 16:00:37.061 Program Start v1.4 []
2022-02-25 16:07:10 16:07:10.986 [000] procedure HistoryDelete Fail || ERR[열 이름 'CR_DT'이(가) 유효하지 않습니다], SQL[ DELETE FROM TT_ERROR   WHERE CR_DT < GETDATE() - 30 ]
2022-02-25 16:07:10 16:07:10.992 Program Start v1.4 []
2022-02-25 16:10:38 16:10:38.266 [000] procedure HistoryDelete Fail || ERR[열 이름 'CR_DT'이(가) 유효하지 않습니다], SQL[ DELETE FROM TT_ERROR   WHERE CR_DT < GETDATE() - 30 ]
2022-02-25 16:10:38 16:10:38.279 Program Start v1.4 []
2022-02-25 16:11:02 16:11:02.572 [000] procedure HistoryDelete Fail || ERR[열 이름 'CR_DT'이(가) 유효하지 않습니다], SQL[ DELETE FROM TT_ERROR   WHERE CR_DT < GETDATE() - 30 ]
2022-02-25 16:11:02 16:11:02.584 Program Start v1.4 []
2022-02-25 16:11:52 16:11:52.878 [000] procedure HistoryDelete Fail || ERR[열 이름 'CR_DT'이(가) 유효하지 않습니다], SQL[ DELETE FROM TT_ERROR   WHERE CR_DT < GETDATE() - 30 ]
2022-02-25 16:11:52 16:11:52.889 Program Start v1.4 []
2022-02-25 16:12:54 16:12:54.848 [000] procedure HistoryDelete Fail || ERR[열 이름 'CR_DT'이(가) 유효하지 않습니다], SQL[ DELETE FROM TT_ERROR   WHERE CR_DT < GETDATE() - 30 ]
2022-02-25 16:12:54 16:12:54.862 Program Start v1.4 []
2022-02-25 16:15:28 16:15:28.959 Program Start v1.4 []
2022-02-25 16:21:39 16:21:39.185 Program Start v1.4 []
2022-02-25 16:22:57 16:22:57.504 Program Start v1.4 []
2022-02-25 16:23:57 16:23:57.253 [520] procedure fnCommandQuery Fail || ERR['TO_CHAR'은(는) 인식할 수 없는 기본 제공 함수 이름입니다], SQL[ Select ERR_DEV, ERR_DEVNO, ERR_CODE,                   
        ERR_NAME, ERR_DESC, CR_DATE,                     
       (Case ERR_DEV when 'SC' then '스태커크레인'  
                     else ERR_DEV end) as ERR_DEV_DESC  
   From TT_ERROR 
  Where 1=1  And TRIM(TO_CHAR(CR_DATE,'YYYYMMDDHH24MISS')) BetWeen       '20220225000000'   And '20220225162357'   Order By CR_DATE ]
2022-02-25 16:25:05 16:25:05.916 Program Start v1.4 []
2022-02-25 16:27:40 16:27:40.170 Program Start v1.4 []
2022-02-25 16:28:28 16:28:28.202 Program Start v1.4 []
2022-02-25 16:31:01 16:31:01.748 Program Start v1.4 []
2022-02-25 16:31:13 16:31:13.338 Program Start v1.4 []
2022-02-25 16:46:10 16:46:10.933 Program Start v1.4 []
2022-02-25 16:50:41 16:50:41.058 Program Start v1.4 []
2022-02-25 16:51:57 16:51:57.486 Program Start v1.4 []
2022-02-25 16:54:59 16:54:59.567 Program Start v1.4 []
2022-02-25 16:55:29 16:55:29.927 Program Start v1.4 []
2022-02-25 16:56:12 16:56:12.746 Program Start v1.4 []
2022-02-25 16:59:22 16:59:22.679 Program Start v1.4 []
2022-02-25 17:00:46 17:00:46.828 Program Start v1.4 []
2022-02-25 17:02:18 17:02:18.473 Program Start v1.4 []
2022-02-25 17:05:52 17:05:52.241 Program Start v1.4 []
2022-02-25 17:07:33 17:07:33.659 Program Start v1.4 []
2022-02-25 17:08:46 17:08:46.629 Program Start v1.4 []
2022-02-25 17:20:01 17:20:01.042 Program Start v1.4 []
2022-02-25 17:22:05 17:22:05.728 Program Start v1.4 []
2022-02-25 17:23:28 17:23:28.718 Program Start v1.4 []
2022-02-25 17:58:54 17:58:54.327 Program Start v1.4 []
