2022-03-08 09:07:22 09:07:22.635 Program Start v1.4 []
2022-03-08 09:12:44 09:12:44.138 Program Start v1.4 []
2022-03-08 09:13:43 09:13:43.979 [520] procedure fnCommandQuery Fail || ERR['TO_CHAR'은(는) 인식할 수 없는 기본 제공 함수 이름입니다], SQL[ Select ERR_DEV, ERR_DEVNO, ERR_CODE,                   
        ERR_NAME, ERR_DESC, CR_DATE,                     
       (Case ERR_DEV when 'SC' then '스태커크레인'  
                     else ERR_DEV end) as ERR_DEV_DESC  
   From TT_ERROR 
  Where 1=1  And TRIM(TO_CHAR(CR_DATE,'YYYYMMDDHH24MISS')) BetWeen       '20220308000000'   And '20220308091343'   Order By CR_DATE ]
2022-03-08 09:30:21 09:30:21.882 Program Start v1.4 []
2022-03-08 09:30:24 09:30:24.576 [520] procedure fnCommandQuery Fail || ERR[여러 부분으로 구성된 식별자 "T.CR_DT"은(는) 바인딩할 수 없습니다], SQL[ Select ERR_DEV, ERR_DEVNO, ERR_CODE,                   
        ERR_NAME, ERR_DESC, ERR_START,                     
       (Case ERR_DEV when 'SC' then '스태커크레인'  
                     else ERR_DEV end) as ERR_DEV_DESC  
   From TT_ERROR 
  Where 1=1  AND T.CR_DT BETWEEN '2022-03-08 00:00:00.000'                  AND '2022-03-08 09:30:24.000'   Order By ERR_START ]
2022-03-08 09:31:42 09:31:42.535 Program Start v1.4 []
2022-03-08 09:45:00 09:45:00.009 Program Start v1.4 []
2022-03-08 14:47:25 14:47:25.828 Program Start v1.4 []
2022-03-08 14:47:58 14:47:58.255 Program Start v1.4 []
2022-03-08 14:48:33 14:48:33.844 Program Start v1.4 []
2022-03-08 14:49:52 14:49:52.020 Program Start v1.4 []
2022-03-08 14:50:42 14:50:42.135 Program Start v1.4 []
2022-03-08 14:52:06 14:52:06.182 Program Start v1.4 []
2022-03-08 14:54:43 14:54:43.557 Program Start v1.4 []
2022-03-08 14:55:19 14:55:19.261 Program Start v1.4 []
2022-03-08 14:55:52 14:55:52.039 Program Start v1.4 []
2022-03-08 14:56:22 14:56:22.225 Program Start v1.4 []
2022-03-08 14:56:36 14:56:36.163 Program Start v1.4 []
2022-03-08 14:59:26 14:59:26.766 Program Start v1.4 []
