2022-04-13 13:00:58 13:00:58.712 Program Start v1.4 []
2022-04-13 13:01:30 13:01:30.209 [210] procedure fnOrderDataSet Fail || ERR[qryTemp: Field 'SRCSITE ' not found]
2022-04-13 13:02:05 13:02:05.189 Program Start v1.4 []
2022-04-13 13:02:48 13:02:48.078 [210] procedure fnOrderDataSet Fail || ERR[qryTemp: Field 'SRCSITE ' not found]
2022-04-13 13:03:02 13:03:02.024 [210] procedure fnOrderDataSet Fail || ERR[qryTemp: Field 'SRCSITE ' not found]
2022-04-13 13:05:09 13:05:09.378 Program Start v1.4 []
2022-04-13 13:08:10 13:08:10.417 Program Start v1.4 []
2022-04-13 13:14:39 13:14:39.604 Program Start v1.4 []
2022-04-13 13:22:56 13:22:56.680 Program Start v1.4 []
2022-04-13 13:25:20 13:25:20.393 Program Start v1.4 []
2022-04-13 13:37:31 13:37:31.581 Program Start v1.4 []
2022-04-13 13:38:42 13:38:42.865 Program Start v1.4 []
2022-04-13 13:55:19 13:55:19.095 Program Start v1.4 []
2022-04-13 13:58:15 13:58:15.782 Program Start v1.4 []
2022-04-13 14:01:44 14:01:44.070 Program Start v1.4 []
2022-04-13 14:12:31 14:12:31.139 Program Start v1.4 []
2022-04-13 14:12:37 14:12:37.859 [000] procedure execMenuLblClick Fail || ERR[Access violation at address 0091FED4 in module 'HL_AWS.exe'. Read of address 00000050]
2022-04-13 14:13:48 14:13:48.101 Program Start v1.4 []
2022-04-13 14:15:11 14:15:11.845 Program Start v1.4 []
2022-04-13 14:36:55 14:36:55.691 Program Start v1.4 []
2022-04-13 14:40:05 14:40:05.221 Program Start v1.4 []
2022-04-13 14:41:24 14:41:24.929 Program Start v1.4 []
2022-04-13 14:42:58 14:42:58.284 Program Start v1.4 []
2022-04-13 14:44:42 14:44:42.839 Program Start v1.4 []
2022-04-13 14:45:41 14:45:41.959 Program Start v1.4 []
2022-04-13 14:48:52 14:48:52.388 Program Start v1.4 []
2022-04-13 14:50:13 14:50:13.876 Program Start v1.4 []
2022-04-13 14:56:44 14:56:44.790 Program Start v1.4 []
2022-04-13 15:49:52 15:49:52.760 Program Start v1.4 []
2022-04-13 15:50:19 15:50:19.284 [310] procedure CellPanelDblClick Fail || ERR['' is not a valid integer value]
2022-04-13 15:50:44 15:50:44.081 [310] procedure CellPanelDblClick Fail || ERR['' is not a valid integer value]
2022-04-13 16:00:25 16:00:25.016 Program Start v1.4 []
2022-04-13 16:00:30 16:00:30.944 [310] procedure CellPanelDblClick Fail || ERR['' is not a valid integer value]
2022-04-13 16:00:36 16:00:36.652 [310] procedure CellPanelDblClick Fail || ERR['' is not a valid integer value]
2022-04-13 16:01:12 16:01:12.170 [310] procedure CellPanelDblClick Fail || ERR['' is not a valid integer value]
2022-04-13 16:01:14 16:01:14.492 [310] procedure CellPanelDblClick Fail || ERR['' is not a valid integer value]
2022-04-13 16:01:15 16:01:15.571 [310] procedure CellPanelDblClick Fail || ERR['' is not a valid integer value]
2022-04-13 16:01:16 16:01:16.677 [310] procedure CellPanelDblClick Fail || ERR['' is not a valid integer value]
2022-04-13 16:02:23 16:02:23.172 Program Start v1.4 []
2022-04-13 16:02:28 16:02:28.826 [310] procedure CellPanelDblClick Fail || ERR['' is not a valid integer value]
2022-04-13 16:02:31 16:02:31.426 [310] procedure CellPanelDblClick Fail || ERR['' is not a valid integer value]
2022-04-13 16:02:33 16:02:33.095 [310] procedure CellPanelDblClick Fail || ERR['' is not a valid integer value]
2022-04-13 16:02:34 16:02:34.094 [310] procedure CellPanelDblClick Fail || ERR['' is not a valid integer value]
2022-04-13 16:02:35 16:02:35.198 [310] procedure CellPanelDblClick Fail || ERR['' is not a valid integer value]
2022-04-13 16:04:56 16:04:56.665 Program Start v1.4 []
2022-04-13 16:05:02 16:05:02.064 [320] procedure fnCommandUpdate Fail || ERR[Access violation at address 009247CC in module 'HL_AWS.exe'. Read of address 00000000]
2022-04-13 16:05:03 16:05:03.994 [320] procedure fnCommandUpdate Fail || ERR[Access violation at address 009247CC in module 'HL_AWS.exe'. Read of address 00000000]
2022-04-13 16:05:35 16:05:35.597 Program Start v1.4 []
2022-04-13 16:07:31 16:07:31.083 [320] procedure fnCommandUpdate Fail || ERR[Access violation at address 009247CC in module 'HL_AWS.exe'. Read of address 00000000]
2022-04-13 16:07:40 16:07:40.390 [320] procedure fnCommandUpdate Fail || ERR[Access violation at address 009247CC in module 'HL_AWS.exe'. Read of address 00000000]
2022-04-13 16:10:11 16:10:11.275 Program Start v1.4 []
2022-04-13 16:10:18 16:10:18.546 [320] procedure fnCommandUpdate Fail || ERR[Access violation at address 009247CC in module 'HL_AWS.exe'. Read of address 00000000]
2022-04-13 16:10:20 16:10:20.111 [320] procedure fnCommandUpdate Fail || ERR[Access violation at address 009247CC in module 'HL_AWS.exe'. Read of address 00000000]
2022-04-13 16:11:36 16:11:36.519 Program Start v1.4 []
2022-04-13 16:11:41 16:11:41.832 [320] procedure fnCommandUpdate Fail || ERR[Access violation at address 009247CC in module 'HL_AWS.exe'. Read of address 00000000]
2022-04-13 16:11:43 16:11:43.351 [320] procedure fnCommandUpdate Fail || ERR[Access violation at address 009247CC in module 'HL_AWS.exe'. Read of address 00000000]
2022-04-13 16:11:43 16:11:43.529 [320] procedure fnCommandUpdate Fail || ERR[Access violation at address 009247CC in module 'HL_AWS.exe'. Read of address 00000000]
2022-04-13 16:11:43 16:11:43.677 [320] procedure fnCommandUpdate Fail || ERR[Access violation at address 009247CC in module 'HL_AWS.exe'. Read of address 00000000]
2022-04-13 16:14:08 16:14:08.999 Program Start v1.4 []
2022-04-13 16:14:20 16:14:20.061 [320] procedure fnCommandUpdate Fail || ERR[Cannot make a visible window modal]
2022-04-13 16:16:47 16:16:47.942 Program Start v1.4 []
2022-04-13 16:16:53 16:16:53.384 [320] procedure fnCommandUpdate Fail || ERR[Cannot make a visible window modal]
2022-04-13 16:18:21 16:18:21.256 Program Start v1.4 []
2022-04-13 16:18:27 16:18:27.433 [320] procedure fnCommandUpdate Fail || ERR[Cannot make a visible window modal]
2022-04-13 16:18:39 16:18:39.065 [320] procedure fnCommandUpdate Fail || ERR[Cannot make a visible window modal]
2022-04-13 16:27:40 16:27:40.670 Program Start v1.4 []
2022-04-13 16:32:01 16:32:01.020 Program Start v1.4 []
2022-04-13 16:32:49 16:32:49.568 Program Start v1.4 []
2022-04-13 16:34:09 16:34:09.945 Program Start v1.4 []
2022-04-13 16:41:30 16:41:30.760 Program Start v1.4 []
2022-04-13 16:41:37 16:41:37.354 [320] procedure fnCommandUpdate Fail || ERR[Cannot make a visible window modal]
2022-04-13 16:44:25 16:44:25.677 Program Start v1.4 []
2022-04-13 16:44:33 16:44:33.259 [320] procedure fnCommandUpdate Fail || ERR[Cannot make a visible window modal]
2022-04-13 16:45:11 16:45:11.300 Program Start v1.4 []
2022-04-13 16:45:16 16:45:16.814 [320] procedure fnCommandUpdate Fail || ERR[Cannot make a visible window modal]
2022-04-13 16:45:20 16:45:20.188 [320] procedure fnCommandUpdate Fail || ERR['' is not a valid integer value]
2022-04-13 16:45:23 16:45:23.170 [320] procedure fnCommandUpdate Fail || ERR['' is not a valid integer value]
2022-04-13 16:47:15 16:47:15.595 Program Start v1.4 []
2022-04-13 16:47:21 16:47:21.533 [320] procedure fnCommandUpdate Fail || ERR['' is not a valid integer value]
2022-04-13 16:57:20 16:57:20.088 Program Start v1.4 []
2022-04-13 16:57:40 16:57:40.100 [310] procedure CellPanelDblClick Fail || ERR['' is not a valid integer value]
2022-04-13 16:57:49 16:57:49.587 [320] procedure fnCommandUpdate Fail || ERR['' is not a valid integer value]
2022-04-13 16:58:02 16:58:02.170 [320] procedure fnCommandUpdate Fail || ERR['' is not a valid integer value]
2022-04-13 16:58:03 16:58:03.252 [320] procedure fnCommandUpdate Fail || ERR['' is not a valid integer value]
2022-04-13 16:58:10 16:58:10.175 [320] procedure fnCommandUpdate Fail || ERR['' is not a valid integer value]
2022-04-13 16:59:40 16:59:40.349 [320] procedure fnCommandUpdate Fail || ERR['' is not a valid integer value]
2022-04-13 17:00:42 17:00:42.468 Program Start v1.4 []
2022-04-13 17:01:02 17:01:02.902 [320] procedure fnCommandUpdate Fail || ERR['' is not a valid integer value]
2022-04-13 17:02:06 17:02:06.677 [320] procedure fnCommandUpdate Fail || ERR['' is not a valid integer value]
2022-04-13 17:02:57 17:02:57.362 Program Start v1.4 []
2022-04-13 17:03:27 17:03:27.018 [320] procedure fnCommandUpdate Fail || ERR[Cannot make a visible window modal]
2022-04-13 17:04:30 17:04:30.668 [320] procedure fnCommandUpdate Fail || ERR[Cannot make a visible window modal]
2022-04-13 17:05:24 17:05:24.630 Program Start v1.4 []
2022-04-13 17:05:41 17:05:41.656 [320] procedure fnCommandUpdate Fail || ERR[Cannot make a visible window modal]
2022-04-13 17:06:06 17:06:06.439 Program Start v1.4 []
2022-04-13 17:06:14 17:06:14.195 [320] procedure fnCommandUpdate Fail || ERR[Cannot make a visible window modal]
